<?xml version="1.0" encoding="UTF-8"?>
<!-- Generated by org.testng.reporters.JUnitReportReporter -->
<testsuite skipped="0" hostname="DESKTOP-5BHJEAE" name="com.test.automation.UIAutomation.homepage.TC003_VerifyLoginWithDifferentRecords" tests="1" failures="0" timestamp="23 Jul 2017 11:46:14 GMT" time="4.298" errors="0">
  <testcase name="loginToApplication" time="4.298" classname="com.test.automation.UIAutomation.homepage.TC003_VerifyLoginWithDifferentRecords"/>
</testsuite> <!-- com.test.automation.UIAutomation.homepage.TC003_VerifyLoginWithDifferentRecords -->
