<?xml version="1.0" encoding="UTF-8"?>
<!-- Generated by org.testng.reporters.JUnitReportReporter -->
<testsuite skipped="0" hostname="DESKTOP-5BHJEAE" name="com.test.automation.UIAutomation.homepage.TC001_VerifyLoginWithInvalidCredentials" tests="1" failures="0" timestamp="03 Jun 2017 00:00:18 GMT" time="8.813" errors="0">
  <testcase name="verifyLoginWithInvalidCredentials" time="8.813" classname="com.test.automation.UIAutomation.homepage.TC001_VerifyLoginWithInvalidCredentials"/>
</testsuite> <!-- com.test.automation.UIAutomation.homepage.TC001_VerifyLoginWithInvalidCredentials -->
